1971-12-04 05:22:59 - 2013-07-09 10:25:05 | nHFAtGDDoq
1997-10-07 17:04:55 - 1998-06-29 15:33:29 | mbjQiPqdns
2001-02-06 04:01:10 - 2006-06-11 20:07:21 | iNLZopSUCw
2013-07-28 14:13:44 - 2014-05-20 22:33:28 | JyMPWiBbJp
1979-08-18 12:47:52 - 2014-10-16 00:27:08 | eKnZxbUydv
1981-08-11 17:24:11 - 1994-07-17 15:49:13 | YXLwGiixVm
1981-04-06 09:18:53 - 1999-07-05 07:39:04 | vnuvYXZSNF
1980-05-30 21:18:32 - 2020-07-26 00:15:54 | LcSFwCUlpD
2017-01-28 08:02:02 - 2020-01-15 07:20:30 | EvQqqehzXi
1984-11-16 20:36:33 - 2001-05-25 11:51:22 | vLzsRudUAU
1975-04-28 20:36:26 - 2005-03-04 14:40:29 | OYWhrDizFn
1971-09-11 07:08:53 - 2002-04-28 07:18:21 | lkyWYVAEFD
1985-06-06 12:24:59 - 1987-01-16 10:30:19 | QhuVYBhfTH
1999-08-07 02:23:51 - 2008-05-23 14:43:10 | aOvgIyAgrA
1973-03-25 15:06:29 - 2005-05-28 09:28:42 | GGDOKmxohR
1972-01-04 19:25:51 - 2015-01-02 17:58:54 | UlFmTXkvvg
1972-10-10 20:02:43 - 2010-04-16 04:44:40 | gCmQfaBZDr
1977-02-11 08:30:18 - 1994-10-07 00:59:51 | lHrAwUQAmJ
1975-07-27 20:36:39 - 2013-02-08 00:49:07 | pLgMmvtBoX
2007-09-30 18:52:11 - 2011-09-05 23:57:00 | uYNEAFitWl
1979-12-17 06:46:41 - 2006-07-16 18:18:30 | jPGTOgFPwU
1971-03-16 07:47:35 - 1988-12-03 03:05:57 | TReEjnzgme
1991-06-28 04:53:12 - 2019-07-29 01:21:57 | HKjLspzOlC
2002-07-22 03:27:12 - 2016-04-04 20:08:33 | TAonRqnkEt
1986-10-20 08:54:18 - 2017-07-20 22:24:10 | RdAvPXqsXc
1991-06-28 01:16:49 - 1992-01-05 18:03:33 | tfFQaamOVJ
1976-04-04 04:30:54 - 1989-11-23 11:32:24 | yYrEHGKghV
2019-06-08 13:19:03 - 2019-07-26 09:50:11 | XHtGpBzBcz
1980-09-10 16:23:45 - 1999-03-22 13:23:06 | aShFGMtgnR
1979-01-07 19:08:52 - 1982-02-03 09:54:38 | mjlBXdxorg
2006-01-21 05:00:48 - 2014-03-13 00:41:31 | fiIiUxInlT
1992-12-18 06:53:25 - 2001-04-23 17:37:14 | stSepfjazG
1989-06-24 05:49:19 - 1997-06-06 15:18:11 | YodiKmbnrM
1985-05-11 17:19:31 - 2011-01-31 06:56:22 | wYlCHZyurq
1985-02-03 17:42:47 - 1988-04-12 08:54:48 | ysRxFZYlmM
1996-12-08 23:20:30 - 2015-12-26 19:51:23 | LcmsGCSoUZ
1972-03-30 23:22:54 - 2002-05-01 13:14:34 | UMLfhmkTQX
1982-01-29 12:50:47 - 1984-09-15 02:53:32 | jmMoAvmmkD
1980-07-10 22:16:52 - 2019-10-06 21:12:29 | qzABZfhvkg
1982-05-29 23:15:46 - 2015-09-03 01:59:46 | bdSDmoOqrc
2006-03-29 16:47:35 - 2010-04-11 23:34:36 | awOfeDDNzI
1996-11-01 20:00:27 - 1997-07-02 11:45:05 | aQcvAEGKeq
1973-07-16 05:12:18 - 1981-01-25 12:55:54 | BafhkIIQoI
1987-06-20 15:58:48 - 1990-06-19 10:54:43 | XDingQQxtF
1980-02-22 11:15:26 - 1980-06-09 12:17:28 | NEXnRRQsyR
1970-03-13 03:32:42 - 2017-01-02 09:51:25 | HNUKalXyRW
2017-06-18 15:58:40 - 2020-04-14 15:27:36 | BoeASxkAMg
1981-11-14 18:20:31 - 2014-09-18 03:50:17 | zLlhJgQgoA
2010-02-26 17:11:41 - 2013-07-14 10:27:21 | euTQOmvALO
2000-09-15 08:44:56 - 2006-02-03 23:47:46 | OmEajHkpdn
